<html>
<head>
<title>TestNG:  Default test</title>
<link href="../testng.css" rel="stylesheet" type="text/css" />
<link href="../my-testng.css" rel="stylesheet" type="text/css" />

<style type="text/css">
.log { display: none;} 
.stack-trace { display: none;} 
</style>
<script type="text/javascript">
<!--
function flip(e) {
  current = e.style.display;
  if (current == 'block') {
    e.style.display = 'none';
    return 0;
  }
  else {
    e.style.display = 'block';
    return 1;
  }
}

function toggleBox(szDivId, elem, msg1, msg2)
{
  var res = -1;  if (document.getElementById) {
    res = flip(document.getElementById(szDivId));
  }
  else if (document.all) {
    // this is the way old msie versions work
    res = flip(document.all[szDivId]);
  }
  if(elem) {
    if(res == 0) elem.innerHTML = msg1; else elem.innerHTML = msg2;
  }

}

function toggleAllBoxes() {
  if (document.getElementsByTagName) {
    d = document.getElementsByTagName('div');
    for (i = 0; i < d.length; i++) {
      if (d[i].className == 'log') {
        flip(d[i]);
      }
    }
  }
}

// -->
</script>

</head>
<body>
<h2 align='center'>Default test</h2><table border='1' align="center">
<tr>
<td>Tests passed/Failed/Skipped:</td><td>0/0/1</td>
</tr><tr>
<td>Started on:</td><td>Sun Sep 21 15:33:08 IDT 2014</td>
</tr>
<tr><td>Total time:</td><td>0 seconds (224 ms)</td>
</tr><tr>
<td>Included groups:</td><td></td>
</tr><tr>
<td>Excluded groups:</td><td></td>
</tr>
</table><p/>
<small><i>(Hover the method name to see the test class name)</i></small><p/>
<table width='100%' border='1' class='invocation-failed'>
<tr><td colspan='4' align='center'><b>FAILED CONFIGURATIONS</b></td></tr>
<tr><td><b>Test method</b></td>
<td width="30%"><b>Exception</b></td>
<td width="10%"><b>Time (seconds)</b></td>
<td><b>Instance</b></td>
</tr>
<tr>
<td title='ru.telran.sel.RegistTests.init()'><b>init</b><br>Test class: ru.telran.sel.RegistTests</td>
<td><div><pre>java.lang.ExceptionInInitializerError
	at com.opera.core.systems.OperaSettings$Capability$7.getDefaultValue(OperaSettings.java:257)
	at com.opera.core.systems.OperaSettings$Capability$7.getDefaultValue(OperaSettings.java:251)
	at com.opera.core.systems.OperaSettings$CapabilityInstance.&lt;init&gt;(OperaSettings.java:669)
	at com.opera.core.systems.OperaSettings.&lt;init&gt;(OperaSettings.java:706)
	at com.opera.core.systems.OperaDriver.&lt;init&gt;(OperaDriver.java:153)
	at ru.telran.sel.webdriver.WebDriverFactory.getInstance(WebDriverFactory.java:173)
	at ru.telran.sel.webdriver.WebDriverFactory.getInstance(WebDriverFactory.java:78)
	at ru.telran.sel.pages.TestBase.init(TestBase.java:58)
	at sun.reflect.NativeMethodAccessorImpl.invoke0(Native Method)
	at sun.reflect.NativeMethodAccessorImpl.invoke(NativeMethodAccessorImpl.java:57)
	at sun.reflect.DelegatingMethodAccessorImpl.invoke(DelegatingMethodAccessorImpl.java:43)
	at java.lang.reflect.Method.invoke(Method.java:606)
	at org.testng.internal.MethodInvocationHelper.invokeMethod(MethodInvocationHelper.java:84)
	at org.testng.internal.Invoker.invokeConfigurationMethod(Invoker.java:564)
	at org.testng.internal.Invoker.invokeConfigurations(Invoker.java:213)
	at org.testng.internal.Invoker.invokeConfigurations(Invoker.java:138)
	at org.testng.internal.TestMethodWorker.invokeBeforeClassMethods(TestMethodWorker.java:175)
	at org.testng.internal.TestMethodWorker.run(TestMethodWorker.java:107)
	at org.testng.TestRunner.privateRun(TestRunner.java:767)
	at org.testng.TestRunner.run(TestRunner.java:617)
	at org.testng.SuiteRunner.runTest(SuiteRunner.java:334)
	at org.testng.SuiteRunner.runSequentially(SuiteRunner.java:329)
	at org.testng.SuiteRunner.privateRun(SuiteRunner.java:291)
	at org.testng.SuiteRunner.run(SuiteRunner.java:240)
	at org.testng.SuiteRunnerWorker.runSuite(SuiteRunnerWorker.java:52)
	at org.testng.SuiteRunnerWorker.run(SuiteRunnerWorker.java:86)
	at org.testng.TestNG.runSuitesSequentially(TestNG.java:1224)
	at org.testng.TestNG.runSuitesLocally(TestNG.java:1149)
	at org.testng.TestNG.run(TestNG.java:1057)
	at org.testng.remote.RemoteTestNG.run(RemoteTestNG.java:111)
	at org.testng.remote.RemoteTestNG.initAndRun(RemoteTestNG.java:204)
	at org.testng.remote.RemoteTestNG.main(RemoteTestNG.java:175)
Caused by: org.openqa.selenium.WebDriverException: Could not find a platform that supports bundled launchers, please set it manually
Build info: version: &apos;2.40.0&apos;, revision: &apos;4c5c0568b004f67810ee41c459549aa4b09c651e&apos;, time: &apos;2014-02-19 11:13:01&apos;
System info: host: &apos;Iakov&apos;, ip: &apos;192.168.43.111&apos;, os.name: &apos;Windows 8.1&apos;, os.arch: &apos;x86&apos;, os.version: &apos;6.3&apos;, java.version: &apos;1.7.0_65&apos;
Driver info: driver.version: OperaDriver
	at com.opera.core.systems.runner.launcher.OperaLauncherRunner.launcherNameForOS(OperaLauncherRunner.java:539)
	at com.opera.core.systems.runner.launcher.OperaLauncherRunner.&lt;clinit&gt;(OperaLauncherRunner.java:76)
	... 32 more
</pre></div><a href='#' onClick='toggleBox("stack-trace15326815", this, "Click to show all stack frames", "Click to hide stack frames")'>Click to show all stack frames</a>
<div class='stack-trace' id='stack-trace15326815'><pre>java.lang.ExceptionInInitializerError
	at com.opera.core.systems.OperaSettings$Capability$7.getDefaultValue(OperaSettings.java:257)
	at com.opera.core.systems.OperaSettings$Capability$7.getDefaultValue(OperaSettings.java:251)
	at com.opera.core.systems.OperaSettings$CapabilityInstance.&lt;init&gt;(OperaSettings.java:669)
	at com.opera.core.systems.OperaSettings.&lt;init&gt;(OperaSettings.java:706)
	at com.opera.core.systems.OperaDriver.&lt;init&gt;(OperaDriver.java:153)
	at ru.telran.sel.webdriver.WebDriverFactory.getInstance(WebDriverFactory.java:173)
	at ru.telran.sel.webdriver.WebDriverFactory.getInstance(WebDriverFactory.java:78)
	at ru.telran.sel.pages.TestBase.init(TestBase.java:58)
	at sun.reflect.NativeMethodAccessorImpl.invoke0(Native Method)
	at sun.reflect.NativeMethodAccessorImpl.invoke(NativeMethodAccessorImpl.java:57)
	at sun.reflect.DelegatingMethodAccessorImpl.invoke(DelegatingMethodAccessorImpl.java:43)
	at java.lang.reflect.Method.invoke(Method.java:606)
	at org.testng.internal.MethodInvocationHelper.invokeMethod(MethodInvocationHelper.java:84)
	at org.testng.internal.Invoker.invokeConfigurationMethod(Invoker.java:564)
	at org.testng.internal.Invoker.invokeConfigurations(Invoker.java:213)
	at org.testng.internal.Invoker.invokeConfigurations(Invoker.java:138)
	at org.testng.internal.TestMethodWorker.invokeBeforeClassMethods(TestMethodWorker.java:175)
	at org.testng.internal.TestMethodWorker.run(TestMethodWorker.java:107)
	at org.testng.TestRunner.privateRun(TestRunner.java:767)
	at org.testng.TestRunner.run(TestRunner.java:617)
	at org.testng.SuiteRunner.runTest(SuiteRunner.java:334)
	at org.testng.SuiteRunner.runSequentially(SuiteRunner.java:329)
	at org.testng.SuiteRunner.privateRun(SuiteRunner.java:291)
	at org.testng.SuiteRunner.run(SuiteRunner.java:240)
	at org.testng.SuiteRunnerWorker.runSuite(SuiteRunnerWorker.java:52)
	at org.testng.SuiteRunnerWorker.run(SuiteRunnerWorker.java:86)
	at org.testng.TestNG.runSuitesSequentially(TestNG.java:1224)
	at org.testng.TestNG.runSuitesLocally(TestNG.java:1149)
	at org.testng.TestNG.run(TestNG.java:1057)
	at org.testng.remote.RemoteTestNG.run(RemoteTestNG.java:111)
	at org.testng.remote.RemoteTestNG.initAndRun(RemoteTestNG.java:204)
	at org.testng.remote.RemoteTestNG.main(RemoteTestNG.java:175)
Caused by: org.openqa.selenium.WebDriverException: Could not find a platform that supports bundled launchers, please set it manually
Build info: version: &apos;2.40.0&apos;, revision: &apos;4c5c0568b004f67810ee41c459549aa4b09c651e&apos;, time: &apos;2014-02-19 11:13:01&apos;
System info: host: &apos;Iakov&apos;, ip: &apos;192.168.43.111&apos;, os.name: &apos;Windows 8.1&apos;, os.arch: &apos;x86&apos;, os.version: &apos;6.3&apos;, java.version: &apos;1.7.0_65&apos;
Driver info: driver.version: OperaDriver
	at com.opera.core.systems.runner.launcher.OperaLauncherRunner.launcherNameForOS(OperaLauncherRunner.java:539)
	at com.opera.core.systems.runner.launcher.OperaLauncherRunner.&lt;clinit&gt;(OperaLauncherRunner.java:76)
	... 32 more
</pre></div></td>
<td>0</td>
<td>ru.telran.sel.RegistTests@1da2b6d</td></tr>
</table><p>
<table width='100%' border='1' class='invocation-skipped'>
<tr><td colspan='4' align='center'><b>SKIPPED TESTS</b></td></tr>
<tr><td><b>Test method</b></td>
<td width="30%"><b>Exception</b></td>
<td width="10%"><b>Time (seconds)</b></td>
<td><b>Instance</b></td>
</tr>
<tr>
<td title='ru.telran.sel.RegistTests.testRegistr1()'><b>testRegistr1</b><br>Test class: ru.telran.sel.RegistTests</td>
<td></td>
<td>0</td>
<td>ru.telran.sel.RegistTests@1da2b6d</td></tr>
</table><p>
</body>
</html>