<?xml version="1.0" encoding="UTF-8"?>
<<<<<<< HEAD
<testng-results skipped="0" failed="1" total="1" passed="0">
  <reporter-output>
  </reporter-output>
  <suite name="Tests" duration-ms="43" started-at="2014-08-26T09:50:02Z" finished-at="2014-08-26T09:50:02Z">
    <groups>
      <group name="positive">
        <method signature="LoginTests.loginTest(java.lang.String, java.lang.String)[pri:0, instance:ru.telran.sel.LoginTests@87a5cc]" name="loginTest" class="ru.telran.sel.LoginTests"/>
      </group> <!-- positive -->
    </groups>
    <test name="Test1" duration-ms="43" started-at="2014-08-26T09:50:02Z" finished-at="2014-08-26T09:50:02Z">
      <class name="ru.telran.sel.LoginTests">
        <test-method status="FAIL" signature="loginTest(java.lang.String, java.lang.String)[pri:0, instance:ru.telran.sel.LoginTests@87a5cc]" name="loginTest" duration-ms="0" started-at="2014-08-26T12:50:02Z" data-provider="users" finished-at="2014-08-26T12:50:02Z">
          <exception class="org.testng.TestNGException">
            <message>
              <![CDATA[
DataProvider should be static: public java.util.Iterator ru.telran.sel.DataProviders.users()]]>
            </message>
            <full-stacktrace>
              <![CDATA[org.testng.TestNGException: 
DataProvider should be static: public java.util.Iterator ru.telran.sel.DataProviders.users()
	at org.testng.internal.Parameters.findDataProvider(Parameters.java:331)
	at org.testng.internal.Parameters.findDataProvider(Parameters.java:265)
	at org.testng.internal.Parameters.handleParameters(Parameters.java:417)
	at org.testng.internal.Invoker.handleParameters(Invoker.java:1383)
	at org.testng.internal.Invoker.createParameters(Invoker.java:1075)
	at org.testng.internal.Invoker.invokeTestMethods(Invoker.java:1180)
=======
<testng-results skipped="1" failed="0" total="2" passed="1">
  <reporter-output>
  </reporter-output>
  <suite name="Default suite" duration-ms="37815" started-at="2014-08-30T22:45:01Z" finished-at="2014-08-30T22:45:39Z">
    <groups>
      <group name="negative">
        <method signature="LoginTests.loginNegativeTest(java.lang.String, java.lang.String)[pri:0, instance:ru.telran.sel.LoginTests@8f5fc2]" name="loginNegativeTest" class="ru.telran.sel.LoginTests"/>
      </group> <!-- negative -->
    </groups>
    <test name="Default test" duration-ms="37815" started-at="2014-08-30T22:45:01Z" finished-at="2014-08-30T22:45:39Z">
      <class name="ru.telran.sel.LoginTests">
        <test-method status="PASS" signature="init()[pri:0, instance:ru.telran.sel.LoginTests@8f5fc2]" name="init" is-config="true" duration-ms="4159" started-at="2014-08-31T01:45:01Z" finished-at="2014-08-31T01:45:05Z">
          <reporter-output>
          </reporter-output>
        </test-method> <!-- init -->
        <test-method status="PASS" signature="loginNegativeTest(java.lang.String, java.lang.String)[pri:0, instance:ru.telran.sel.LoginTests@8f5fc2]" name="loginNegativeTest" duration-ms="3523" started-at="2014-08-31T01:45:05Z" data-provider="usersSimpleNeg" finished-at="2014-08-31T01:45:09Z">
          <params>
            <param index="0">
              <value>
                <![CDATA[ ]]>
              </value>
            </param>
            <param index="1">
              <value>
                <![CDATA[ ]]>
              </value>
            </param>
          </params>
          <reporter-output>
          </reporter-output>
        </test-method> <!-- loginNegativeTest -->
        <test-method status="FAIL" signature="mayBeLogout()[pri:0, instance:ru.telran.sel.LoginTests@8f5fc2]" name="mayBeLogout" is-config="true" duration-ms="0" started-at="2014-08-31T01:45:09Z" finished-at="2014-08-31T01:45:09Z">
          <exception class="org.openqa.selenium.NoSuchElementException">
            <message>
              <![CDATA[Unable to locate element: {"method":"xpath","selector":"//a[@class = 'b-navigation-control__item']"}
Command duration or timeout: 30.06 seconds
For documentation on this error, please visit: http://seleniumhq.org/exceptions/no_such_element.html
Build info: version: '2.40.0', revision: '4c5c0568b004f67810ee41c459549aa4b09c651e', time: '2014-02-19 11:13:01'
System info: host: 'Iakov', ip: '10.0.0.1', os.name: 'Windows 8.1', os.arch: 'x86', os.version: '6.3', java.version: '1.7.0_65'
Session ID: 21d4d832-e9c0-475e-aee8-b727e44b51de
Driver info: org.openqa.selenium.firefox.FirefoxDriver
Capabilities [{platform=XP, databaseEnabled=true, cssSelectorsEnabled=true, javascriptEnabled=true, acceptSslCerts=true, handlesAlerts=true, browserName=firefox, webStorageEnabled=true, nativeEvents=false, rotatable=false, locationContextEnabled=true, applicationCacheEnabled=true, takesScreenshot=true, version=31.0}]]]>
            </message>
            <full-stacktrace>
              <![CDATA[org.openqa.selenium.NoSuchElementException: Unable to locate element: {"method":"xpath","selector":"//a[@class = 'b-navigation-control__item']"}
Command duration or timeout: 30.06 seconds
For documentation on this error, please visit: http://seleniumhq.org/exceptions/no_such_element.html
Build info: version: '2.40.0', revision: '4c5c0568b004f67810ee41c459549aa4b09c651e', time: '2014-02-19 11:13:01'
System info: host: 'Iakov', ip: '10.0.0.1', os.name: 'Windows 8.1', os.arch: 'x86', os.version: '6.3', java.version: '1.7.0_65'
Session ID: 21d4d832-e9c0-475e-aee8-b727e44b51de
Driver info: org.openqa.selenium.firefox.FirefoxDriver
Capabilities [{platform=XP, databaseEnabled=true, cssSelectorsEnabled=true, javascriptEnabled=true, acceptSslCerts=true, handlesAlerts=true, browserName=firefox, webStorageEnabled=true, nativeEvents=false, rotatable=false, locationContextEnabled=true, applicationCacheEnabled=true, takesScreenshot=true, version=31.0}]
	at sun.reflect.NativeConstructorAccessorImpl.newInstance0(Native Method)
	at sun.reflect.NativeConstructorAccessorImpl.newInstance(NativeConstructorAccessorImpl.java:57)
	at sun.reflect.DelegatingConstructorAccessorImpl.newInstance(DelegatingConstructorAccessorImpl.java:45)
	at java.lang.reflect.Constructor.newInstance(Constructor.java:526)
	at org.openqa.selenium.remote.ErrorHandler.createThrowable(ErrorHandler.java:193)
	at org.openqa.selenium.remote.ErrorHandler.throwIfResponseFailed(ErrorHandler.java:145)
	at org.openqa.selenium.remote.RemoteWebDriver.execute(RemoteWebDriver.java:573)
	at org.openqa.selenium.remote.RemoteWebDriver.findElement(RemoteWebDriver.java:326)
	at org.openqa.selenium.remote.RemoteWebDriver.findElementByXPath(RemoteWebDriver.java:423)
	at org.openqa.selenium.By$ByXPath.findElement(By.java:357)
	at org.openqa.selenium.remote.RemoteWebDriver.findElement(RemoteWebDriver.java:318)
	at ru.telran.sel.pages.TestBase.exitToMain(TestBase.java:87)
	at ru.telran.sel.LoginTests.mayBeLogout(LoginTests.java:53)
	at sun.reflect.NativeMethodAccessorImpl.invoke0(Native Method)
	at sun.reflect.NativeMethodAccessorImpl.invoke(NativeMethodAccessorImpl.java:57)
	at sun.reflect.DelegatingMethodAccessorImpl.invoke(DelegatingMethodAccessorImpl.java:43)
	at java.lang.reflect.Method.invoke(Method.java:606)
	at org.testng.internal.MethodInvocationHelper.invokeMethod(MethodInvocationHelper.java:84)
	at org.testng.internal.Invoker.invokeConfigurationMethod(Invoker.java:564)
	at org.testng.internal.Invoker.invokeConfigurations(Invoker.java:213)
	at org.testng.internal.Invoker.invokeMethod(Invoker.java:786)
	at org.testng.internal.Invoker.invokeTestMethod(Invoker.java:901)
	at org.testng.internal.Invoker.invokeTestMethods(Invoker.java:1231)
>>>>>>> parent of 6ac6945... some changes
	at org.testng.internal.TestMethodWorker.invokeTestMethods(TestMethodWorker.java:127)
	at org.testng.internal.TestMethodWorker.run(TestMethodWorker.java:111)
	at org.testng.TestRunner.privateRun(TestRunner.java:767)
	at org.testng.TestRunner.run(TestRunner.java:617)
	at org.testng.SuiteRunner.runTest(SuiteRunner.java:334)
	at org.testng.SuiteRunner.runSequentially(SuiteRunner.java:329)
	at org.testng.SuiteRunner.privateRun(SuiteRunner.java:291)
	at org.testng.SuiteRunner.run(SuiteRunner.java:240)
	at org.testng.SuiteRunnerWorker.runSuite(SuiteRunnerWorker.java:52)
	at org.testng.SuiteRunnerWorker.run(SuiteRunnerWorker.java:86)
	at org.testng.TestNG.runSuitesSequentially(TestNG.java:1224)
	at org.testng.TestNG.runSuitesLocally(TestNG.java:1149)
	at org.testng.TestNG.run(TestNG.java:1057)
	at org.testng.remote.RemoteTestNG.run(RemoteTestNG.java:111)
	at org.testng.remote.RemoteTestNG.initAndRun(RemoteTestNG.java:204)
	at org.testng.remote.RemoteTestNG.main(RemoteTestNG.java:175)
<<<<<<< HEAD
]]>
            </full-stacktrace>
          </exception> <!-- org.testng.TestNGException -->
          <reporter-output>
          </reporter-output>
        </test-method> <!-- loginTest -->
        <test-method status="PASS" signature="tearDown()[pri:0, instance:ru.telran.sel.LoginTests@87a5cc]" name="tearDown" is-config="true" duration-ms="21" started-at="2014-08-26T12:50:02Z" finished-at="2014-08-26T12:50:02Z">
=======
Caused by: org.openqa.selenium.remote.ErrorHandler$UnknownServerException: Unable to locate element: {"method":"xpath","selector":"//a[@class = 'b-navigation-control__item']"}
Build info: version: '2.40.0', revision: '4c5c0568b004f67810ee41c459549aa4b09c651e', time: '2014-02-19 11:13:01'
System info: host: 'Iakov', ip: '10.0.0.1', os.name: 'Windows 8.1', os.arch: 'x86', os.version: '6.3', java.version: '1.7.0_65'
Driver info: driver.version: unknown
	at <anonymous class>.FirefoxDriver.prototype.findElementInternal_(file:///C:/Users/IAKOVV~1/AppData/Local/Temp/anonymous6644068210021186349webdriver-profile/extensions/fxdriver@googlecode.com/components/driver_component.js:8904:133)
	at <anonymous class>.fxdriver.Timer.prototype.setTimeout/<.notify(file:///C:/Users/IAKOVV~1/AppData/Local/Temp/anonymous6644068210021186349webdriver-profile/extensions/fxdriver@googlecode.com/components/driver_component.js:396:5)
]]>
            </full-stacktrace>
          </exception> <!-- org.openqa.selenium.NoSuchElementException -->
          <reporter-output>
          </reporter-output>
        </test-method> <!-- mayBeLogout -->
        <test-method status="SKIP" signature="loginNegativeTest(java.lang.String, java.lang.String)[pri:0, instance:ru.telran.sel.LoginTests@8f5fc2]" name="loginNegativeTest" duration-ms="1" started-at="2014-08-31T01:45:39Z" data-provider="usersSimpleNeg" finished-at="2014-08-31T01:45:39Z">
          <params>
            <param index="0">
              <value>
                <![CDATA[admin]]>
              </value>
            </param>
            <param index="1">
              <value>
                <![CDATA[admin]]>
              </value>
            </param>
          </params>
          <reporter-output>
          </reporter-output>
        </test-method> <!-- loginNegativeTest -->
        <test-method status="SKIP" signature="mayBeLogout()[pri:0, instance:ru.telran.sel.LoginTests@8f5fc2]" name="mayBeLogout" is-config="true" duration-ms="0" started-at="2014-08-31T01:45:39Z" finished-at="2014-08-31T01:45:39Z">
          <reporter-output>
          </reporter-output>
        </test-method> <!-- mayBeLogout -->
        <test-method status="PASS" signature="tearDown()[pri:0, instance:ru.telran.sel.LoginTests@8f5fc2]" name="tearDown" is-config="true" duration-ms="323" started-at="2014-08-31T01:45:39Z" finished-at="2014-08-31T01:45:39Z">
>>>>>>> parent of 6ac6945... some changes
          <reporter-output>
          </reporter-output>
        </test-method> <!-- tearDown -->
      </class> <!-- ru.telran.sel.LoginTests -->
    </test> <!-- Test1 -->
  </suite> <!-- Tests -->
</testng-results>
